  [1m[35m (422.8ms)[0m  [1m[35mCREATE DATABASE "to_do_api_development" ENCODING = 'unicode'[0m
  [1m[35m (171.7ms)[0m  [1m[35mCREATE DATABASE "to_do_api_test" ENCODING = 'unicode'[0m
  [1m[35m (29.8ms)[0m  [1m[35mCREATE TABLE "schema_migrations" ("version" character varying NOT NULL PRIMARY KEY)[0m
  [1m[35m (9.6ms)[0m  [1m[35mCREATE TABLE "ar_internal_metadata" ("key" character varying NOT NULL PRIMARY KEY, "value" character varying, "created_at" timestamp(6) NOT NULL, "updated_at" timestamp(6) NOT NULL)[0m
  [1m[35m (0.2ms)[0m  [1m[34mSELECT pg_try_advisory_lock(3022440093137498145)[0m
  [1m[35m (0.4ms)[0m  [1m[34mSELECT "schema_migrations"."version" FROM "schema_migrations" ORDER BY "schema_migrations"."version" ASC[0m
Migrating to CreateUsers (20200711203259)
  [1m[35m (0.2ms)[0m  [1m[35mBEGIN[0m
  [1m[35m (11.8ms)[0m  [1m[35mCREATE TABLE "users" ("id" bigserial primary key, "name" character varying, "created_at" timestamp(6) NOT NULL, "updated_at" timestamp(6) NOT NULL)[0m
  [1m[36mprimary::SchemaMigration Create (3.0ms)[0m  [1m[32mINSERT INTO "schema_migrations" ("version") VALUES ($1) RETURNING "version"[0m  [["version", "20200711203259"]]
  [1m[35m (0.4ms)[0m  [1m[35mCOMMIT[0m
Migrating to CreateToDoItems (20200711203839)
  [1m[35m (0.6ms)[0m  [1m[35mBEGIN[0m
  [1m[35m (5.3ms)[0m  [1m[35mCREATE TABLE "to_do_items" ("id" bigserial primary key, "title" character varying, "user_id" bigint NOT NULL, "created_at" timestamp(6) NOT NULL, "updated_at" timestamp(6) NOT NULL, CONSTRAINT "fk_rails_c1d547cacb"
FOREIGN KEY ("user_id")
  REFERENCES "users" ("id")
)[0m
  [1m[35m (1.3ms)[0m  [1m[35mCREATE  INDEX  "index_to_do_items_on_user_id" ON "to_do_items"  ("user_id")[0m
  [1m[36mprimary::SchemaMigration Create (1.7ms)[0m  [1m[32mINSERT INTO "schema_migrations" ("version") VALUES ($1) RETURNING "version"[0m  [["version", "20200711203839"]]
  [1m[35m (0.7ms)[0m  [1m[35mCOMMIT[0m
  [1m[36mActiveRecord::InternalMetadata Load (5.8ms)[0m  [1m[34mSELECT "ar_internal_metadata".* FROM "ar_internal_metadata" WHERE "ar_internal_metadata"."key" = $1 LIMIT $2[0m  [["key", "environment"], ["LIMIT", 1]]
  [1m[35m (0.1ms)[0m  [1m[35mBEGIN[0m
  [1m[36mActiveRecord::InternalMetadata Create (1.0ms)[0m  [1m[32mINSERT INTO "ar_internal_metadata" ("key", "value", "created_at", "updated_at") VALUES ($1, $2, $3, $4) RETURNING "key"[0m  [["key", "environment"], ["value", "development"], ["created_at", "2020-07-11 20:39:51.592042"], ["updated_at", "2020-07-11 20:39:51.592042"]]
  [1m[35m (0.4ms)[0m  [1m[35mCOMMIT[0m
  [1m[35m (0.2ms)[0m  [1m[34mSELECT pg_advisory_unlock(3022440093137498145)[0m
  [1m[35m (1.1ms)[0m  [1m[34mSELECT "schema_migrations"."version" FROM "schema_migrations" ORDER BY "schema_migrations"."version" ASC[0m
  [1m[35m (0.9ms)[0m  [1m[34mSELECT "schema_migrations"."version" FROM "schema_migrations" ORDER BY "schema_migrations"."version" ASC[0m
  [1m[35m (0.5ms)[0m  [1m[34mSELECT "schema_migrations"."version" FROM "schema_migrations" ORDER BY "schema_migrations"."version" ASC[0m
  [1m[35m (0.5ms)[0m  [1m[34mSELECT "schema_migrations"."version" FROM "schema_migrations" ORDER BY "schema_migrations"."version" ASC[0m
  [1m[35m (0.1ms)[0m  [1m[35mBEGIN[0m
  [1m[36mUser Create (1.2ms)[0m  [1m[32mINSERT INTO "users" ("name", "created_at", "updated_at") VALUES ($1, $2, $3) RETURNING "id"[0m  [["name", "Cynthia"], ["created_at", "2020-07-11 20:56:09.282603"], ["updated_at", "2020-07-11 20:56:09.282603"]]
  [1m[35m (0.4ms)[0m  [1m[35mCOMMIT[0m
  [1m[35m (0.1ms)[0m  [1m[35mBEGIN[0m
  [1m[36mUser Create (0.2ms)[0m  [1m[32mINSERT INTO "users" ("name", "created_at", "updated_at") VALUES ($1, $2, $3) RETURNING "id"[0m  [["name", "Christian"], ["created_at", "2020-07-11 20:56:09.288203"], ["updated_at", "2020-07-11 20:56:09.288203"]]
  [1m[35m (0.4ms)[0m  [1m[35mCOMMIT[0m
  [1m[35m (0.5ms)[0m  [1m[34mSELECT "schema_migrations"."version" FROM "schema_migrations" ORDER BY "schema_migrations"."version" ASC[0m
  [1m[35m (0.2ms)[0m  [1m[35mBEGIN[0m
  [1m[36mUser Create (0.5ms)[0m  [1m[32mINSERT INTO "users" ("name", "created_at", "updated_at") VALUES ($1, $2, $3) RETURNING "id"[0m  [["name", "Cynthia"], ["created_at", "2020-07-11 20:56:48.055939"], ["updated_at", "2020-07-11 20:56:48.055939"]]
  [1m[35m (0.8ms)[0m  [1m[35mCOMMIT[0m
  [1m[35m (0.2ms)[0m  [1m[35mBEGIN[0m
  [1m[36mUser Create (0.2ms)[0m  [1m[32mINSERT INTO "users" ("name", "created_at", "updated_at") VALUES ($1, $2, $3) RETURNING "id"[0m  [["name", "Christian"], ["created_at", "2020-07-11 20:56:48.061047"], ["updated_at", "2020-07-11 20:56:48.061047"]]
  [1m[35m (0.4ms)[0m  [1m[35mCOMMIT[0m
Started GET "/" for ::1 at 2020-07-11 14:06:09 -0700
  [1m[35m (1.7ms)[0m  [1m[34mSELECT "schema_migrations"."version" FROM "schema_migrations" ORDER BY "schema_migrations"."version" ASC[0m
Processing by Rails::WelcomeController#index as HTML
  Rendering /Users/cynthiaespejo/.rbenv/versions/2.6.3/lib/ruby/gems/2.6.0/gems/railties-6.0.3.2/lib/rails/templates/rails/welcome/index.html.erb
  Rendered /Users/cynthiaespejo/.rbenv/versions/2.6.3/lib/ruby/gems/2.6.0/gems/railties-6.0.3.2/lib/rails/templates/rails/welcome/index.html.erb (Duration: 144.2ms | Allocations: 488)
Completed 200 OK in 159ms (Views: 154.2ms | ActiveRecord: 0.0ms | Allocations: 2688)


Started GET "/users" for ::1 at 2020-07-11 14:06:25 -0700
Processing by UsersController#index as HTML
  [1m[36mUser Load (8.4ms)[0m  [1m[34mSELECT "users".* FROM "users"[0m
  ↳ app/controllers/users_controller.rb:8:in `index'
Completed 200 OK in 33ms (Views: 10.7ms | ActiveRecord: 16.2ms | Allocations: 5368)


Started GET "/to_do_items" for ::1 at 2020-07-11 14:06:46 -0700
Processing by ToDoItemsController#index as HTML
  [1m[36mToDoItem Load (11.0ms)[0m  [1m[34mSELECT "to_do_items".* FROM "to_do_items"[0m
  ↳ app/controllers/to_do_items_controller.rb:8:in `index'
Completed 200 OK in 22ms (Views: 2.8ms | ActiveRecord: 15.8ms | Allocations: 1879)


Started GET "/to_do_items" for ::1 at 2020-07-11 14:06:56 -0700
Processing by ToDoItemsController#index as HTML
  [1m[36mToDoItem Load (0.8ms)[0m  [1m[34mSELECT "to_do_items".* FROM "to_do_items"[0m
  ↳ app/controllers/to_do_items_controller.rb:8:in `index'
Completed 200 OK in 3ms (Views: 1.9ms | ActiveRecord: 0.8ms | Allocations: 844)


  [1m[35m (0.4ms)[0m  [1m[34mSELECT "schema_migrations"."version" FROM "schema_migrations" ORDER BY "schema_migrations"."version" ASC[0m
  [1m[35m (0.6ms)[0m  [1m[34mSELECT "schema_migrations"."version" FROM "schema_migrations" ORDER BY "schema_migrations"."version" ASC[0m
  [1m[35m (0.2ms)[0m  [1m[35mBEGIN[0m
  [1m[36mUser Create (0.5ms)[0m  [1m[32mINSERT INTO "users" ("name", "created_at", "updated_at") VALUES ($1, $2, $3) RETURNING "id"[0m  [["name", "Cynthia"], ["created_at", "2020-07-11 21:08:49.500227"], ["updated_at", "2020-07-11 21:08:49.500227"]]
  [1m[35m (0.6ms)[0m  [1m[35mCOMMIT[0m
  [1m[35m (0.1ms)[0m  [1m[35mBEGIN[0m
  [1m[36mUser Create (0.2ms)[0m  [1m[32mINSERT INTO "users" ("name", "created_at", "updated_at") VALUES ($1, $2, $3) RETURNING "id"[0m  [["name", "Christian"], ["created_at", "2020-07-11 21:08:49.504891"], ["updated_at", "2020-07-11 21:08:49.504891"]]
  [1m[35m (0.4ms)[0m  [1m[35mCOMMIT[0m
  [1m[35m (0.2ms)[0m  [1m[35mBEGIN[0m
  [1m[36mUser Load (0.3ms)[0m  [1m[34mSELECT "users".* FROM "users" WHERE "users"."id" = $1 LIMIT $2[0m  [["id", 1], ["LIMIT", 1]]
  [1m[36mToDoItem Create (3.8ms)[0m  [1m[32mINSERT INTO "to_do_items" ("title", "user_id", "created_at", "updated_at") VALUES ($1, $2, $3, $4) RETURNING "id"[0m  [["title", "Coding"], ["user_id", 1], ["created_at", "2020-07-11 21:08:49.561610"], ["updated_at", "2020-07-11 21:08:49.561610"]]
  [1m[35m (4.7ms)[0m  [1m[35mCOMMIT[0m
  [1m[35m (0.1ms)[0m  [1m[35mBEGIN[0m
  [1m[36mUser Load (0.2ms)[0m  [1m[34mSELECT "users".* FROM "users" WHERE "users"."id" = $1 LIMIT $2[0m  [["id", 2], ["LIMIT", 1]]
  [1m[36mToDoItem Create (0.4ms)[0m  [1m[32mINSERT INTO "to_do_items" ("title", "user_id", "created_at", "updated_at") VALUES ($1, $2, $3, $4) RETURNING "id"[0m  [["title", "Make dinner"], ["user_id", 2], ["created_at", "2020-07-11 21:08:49.574895"], ["updated_at", "2020-07-11 21:08:49.574895"]]
  [1m[35m (0.4ms)[0m  [1m[35mCOMMIT[0m
Started GET "/to_do_items" for ::1 at 2020-07-11 14:09:05 -0700
  [1m[35m (0.5ms)[0m  [1m[34mSELECT "schema_migrations"."version" FROM "schema_migrations" ORDER BY "schema_migrations"."version" ASC[0m
Processing by ToDoItemsController#index as HTML
  [1m[36mToDoItem Load (1.1ms)[0m  [1m[34mSELECT "to_do_items".* FROM "to_do_items"[0m
  ↳ app/controllers/to_do_items_controller.rb:8:in `index'
Completed 200 OK in 18ms (Views: 8.1ms | ActiveRecord: 6.1ms | Allocations: 5627)


Started GET "/to_do_items" for ::1 at 2020-07-11 14:12:26 -0700
Processing by ToDoItemsController#index as HTML
  [1m[36mToDoItem Load (0.3ms)[0m  [1m[34mSELECT "to_do_items".* FROM "to_do_items"[0m
  ↳ app/controllers/to_do_items_controller.rb:8:in `index'
Completed 500 Internal Server Error in 21ms (ActiveRecord: 4.4ms | Allocations: 6799)


  
NoMethodError (undefined method `users' for #<ToDoItem:0x00007f9d8ef50f40>
Did you mean?  user
               user=):
  
app/controllers/to_do_items_controller.rb:8:in `index'
Started GET "/to_do_items" for ::1 at 2020-07-11 14:26:27 -0700
  [1m[35m (0.9ms)[0m  [1m[34mSELECT "schema_migrations"."version" FROM "schema_migrations" ORDER BY "schema_migrations"."version" ASC[0m
Processing by ToDoItemsController#index as HTML
  [1m[36mToDoItem Load (0.7ms)[0m  [1m[34mSELECT "to_do_items".* FROM "to_do_items"[0m
  ↳ app/controllers/to_do_items_controller.rb:8:in `index'
Completed 500 Internal Server Error in 28ms (ActiveRecord: 7.3ms | Allocations: 7468)


  
NoMethodError (undefined method `users' for #<ToDoItem:0x00007fe7f8a8c748>
Did you mean?  user
               user=):
  
app/controllers/to_do_items_controller.rb:8:in `index'
Started GET "/users" for ::1 at 2020-07-11 14:26:34 -0700
Processing by UsersController#index as HTML
  [1m[36mUser Load (0.5ms)[0m  [1m[34mSELECT "users".* FROM "users"[0m
  ↳ app/controllers/users_controller.rb:8:in `index'
  [1m[36mToDoItem Load (0.3ms)[0m  [1m[34mSELECT "to_do_items".* FROM "to_do_items" WHERE "to_do_items"."user_id" = $1[0m  [["user_id", 1]]
  ↳ app/controllers/users_controller.rb:8:in `index'
  [1m[36mToDoItem Load (0.4ms)[0m  [1m[34mSELECT "to_do_items".* FROM "to_do_items" WHERE "to_do_items"."user_id" = $1[0m  [["user_id", 2]]
  ↳ app/controllers/users_controller.rb:8:in `index'
  [1m[36mToDoItem Load (0.2ms)[0m  [1m[34mSELECT "to_do_items".* FROM "to_do_items" WHERE "to_do_items"."user_id" = $1[0m  [["user_id", 3]]
  ↳ app/controllers/users_controller.rb:8:in `index'
  [1m[36mToDoItem Load (0.2ms)[0m  [1m[34mSELECT "to_do_items".* FROM "to_do_items" WHERE "to_do_items"."user_id" = $1[0m  [["user_id", 4]]
  ↳ app/controllers/users_controller.rb:8:in `index'
  [1m[36mToDoItem Load (0.2ms)[0m  [1m[34mSELECT "to_do_items".* FROM "to_do_items" WHERE "to_do_items"."user_id" = $1[0m  [["user_id", 5]]
  ↳ app/controllers/users_controller.rb:8:in `index'
  [1m[36mToDoItem Load (0.3ms)[0m  [1m[34mSELECT "to_do_items".* FROM "to_do_items" WHERE "to_do_items"."user_id" = $1[0m  [["user_id", 6]]
  ↳ app/controllers/users_controller.rb:8:in `index'
Completed 200 OK in 41ms (Views: 0.2ms | ActiveRecord: 10.4ms | Allocations: 14205)


Started GET "/users" for ::1 at 2020-07-11 14:30:01 -0700
Processing by UsersController#index as HTML
  [1m[36mUser Load (0.3ms)[0m  [1m[34mSELECT "users".* FROM "users"[0m
  ↳ app/controllers/users_controller.rb:8:in `index'
  [1m[36mToDoItem Load (0.4ms)[0m  [1m[34mSELECT "to_do_items".* FROM "to_do_items" WHERE "to_do_items"."user_id" = $1[0m  [["user_id", 1]]
  ↳ app/controllers/users_controller.rb:8:in `index'
  [1m[36mToDoItem Load (0.5ms)[0m  [1m[34mSELECT "to_do_items".* FROM "to_do_items" WHERE "to_do_items"."user_id" = $1[0m  [["user_id", 2]]
  ↳ app/controllers/users_controller.rb:8:in `index'
  [1m[36mToDoItem Load (0.2ms)[0m  [1m[34mSELECT "to_do_items".* FROM "to_do_items" WHERE "to_do_items"."user_id" = $1[0m  [["user_id", 3]]
  ↳ app/controllers/users_controller.rb:8:in `index'
  [1m[36mToDoItem Load (0.3ms)[0m  [1m[34mSELECT "to_do_items".* FROM "to_do_items" WHERE "to_do_items"."user_id" = $1[0m  [["user_id", 4]]
  ↳ app/controllers/users_controller.rb:8:in `index'
  [1m[36mToDoItem Load (0.2ms)[0m  [1m[34mSELECT "to_do_items".* FROM "to_do_items" WHERE "to_do_items"."user_id" = $1[0m  [["user_id", 5]]
  ↳ app/controllers/users_controller.rb:8:in `index'
  [1m[36mToDoItem Load (0.2ms)[0m  [1m[34mSELECT "to_do_items".* FROM "to_do_items" WHERE "to_do_items"."user_id" = $1[0m  [["user_id", 6]]
  ↳ app/controllers/users_controller.rb:8:in `index'
Completed 200 OK in 41ms (Views: 0.1ms | ActiveRecord: 10.3ms | Allocations: 13985)


Started GET "/users" for ::1 at 2020-07-11 14:30:03 -0700
Processing by UsersController#index as HTML
  [1m[36mUser Load (0.5ms)[0m  [1m[34mSELECT "users".* FROM "users"[0m
  ↳ app/controllers/users_controller.rb:8:in `index'
  [1m[36mToDoItem Load (0.3ms)[0m  [1m[34mSELECT "to_do_items".* FROM "to_do_items" WHERE "to_do_items"."user_id" = $1[0m  [["user_id", 1]]
  ↳ app/controllers/users_controller.rb:8:in `index'
  [1m[36mToDoItem Load (1.4ms)[0m  [1m[34mSELECT "to_do_items".* FROM "to_do_items" WHERE "to_do_items"."user_id" = $1[0m  [["user_id", 2]]
  ↳ app/controllers/users_controller.rb:8:in `index'
  [1m[36mToDoItem Load (0.3ms)[0m  [1m[34mSELECT "to_do_items".* FROM "to_do_items" WHERE "to_do_items"."user_id" = $1[0m  [["user_id", 3]]
  ↳ app/controllers/users_controller.rb:8:in `index'
  [1m[36mToDoItem Load (0.2ms)[0m  [1m[34mSELECT "to_do_items".* FROM "to_do_items" WHERE "to_do_items"."user_id" = $1[0m  [["user_id", 4]]
  ↳ app/controllers/users_controller.rb:8:in `index'
  [1m[36mToDoItem Load (0.1ms)[0m  [1m[34mSELECT "to_do_items".* FROM "to_do_items" WHERE "to_do_items"."user_id" = $1[0m  [["user_id", 5]]
  ↳ app/controllers/users_controller.rb:8:in `index'
  [1m[36mToDoItem Load (0.2ms)[0m  [1m[34mSELECT "to_do_items".* FROM "to_do_items" WHERE "to_do_items"."user_id" = $1[0m  [["user_id", 6]]
  ↳ app/controllers/users_controller.rb:8:in `index'
Completed 200 OK in 14ms (Views: 0.1ms | ActiveRecord: 3.0ms | Allocations: 6614)


